<?xml version="1.0" encoding="UTF-8"?>
<testsuite xmlns:xsi="http://www.w3.org/2001/XMLSchema-instance" xsi:noNamespaceSchemaLocation="https://maven.apache.org/surefire/maven-surefire-plugin/xsd/surefire-test-report.xsd" name="com.mongo.nosql.NosqlApplicationTests" time="0.686" tests="1" errors="1" skipped="0" failures="0">
  <properties>
    <property name="java.specification.version" value="19"/>
    <property name="sun.jnu.encoding" value="UTF-8"/>
    <property name="java.class.path" value="/Users/suyashkumarsingh/eclipse-workspace/spring-nosql/nosql/target/test-classes:/Users/suyashkumarsingh/eclipse-workspace/spring-nosql/nosql/target/classes:/Users/suyashkumarsingh/.m2/repository/org/springframework/boot/spring-boot-starter-data-mongodb/3.0.2/spring-boot-starter-data-mongodb-3.0.2.jar:/Users/suyashkumarsingh/.m2/repository/org/springframework/boot/spring-boot-starter/3.0.2/spring-boot-starter-3.0.2.jar:/Users/suyashkumarsingh/.m2/repository/org/springframework/boot/spring-boot/3.0.2/spring-boot-3.0.2.jar:/Users/suyashkumarsingh/.m2/repository/org/springframework/boot/spring-boot-autoconfigure/3.0.2/spring-boot-autoconfigure-3.0.2.jar:/Users/suyashkumarsingh/.m2/repository/org/springframework/boot/spring-boot-starter-logging/3.0.2/spring-boot-starter-logging-3.0.2.jar:/Users/suyashkumarsingh/.m2/repository/ch/qos/logback/logback-classic/1.4.5/logback-classic-1.4.5.jar:/Users/suyashkumarsingh/.m2/repository/ch/qos/logback/logback-core/1.4.5/logback-core-1.4.5.jar:/Users/suyashkumarsingh/.m2/repository/org/apache/logging/log4j/log4j-to-slf4j/2.19.0/log4j-to-slf4j-2.19.0.jar:/Users/suyashkumarsingh/.m2/repository/org/apache/logging/log4j/log4j-api/2.19.0/log4j-api-2.19.0.jar:/Users/suyashkumarsingh/.m2/repository/org/slf4j/jul-to-slf4j/2.0.6/jul-to-slf4j-2.0.6.jar:/Users/suyashkumarsingh/.m2/repository/jakarta/annotation/jakarta.annotation-api/2.1.1/jakarta.annotation-api-2.1.1.jar:/Users/suyashkumarsingh/.m2/repository/org/yaml/snakeyaml/1.33/snakeyaml-1.33.jar:/Users/suyashkumarsingh/.m2/repository/org/mongodb/mongodb-driver-sync/4.8.2/mongodb-driver-sync-4.8.2.jar:/Users/suyashkumarsingh/.m2/repository/org/mongodb/bson/4.8.2/bson-4.8.2.jar:/Users/suyashkumarsingh/.m2/repository/org/mongodb/mongodb-driver-core/4.8.2/mongodb-driver-core-4.8.2.jar:/Users/suyashkumarsingh/.m2/repository/org/mongodb/bson-record-codec/4.8.2/bson-record-codec-4.8.2.jar:/Users/suyashkumarsingh/.m2/repository/org/springframework/data/spring-data-mongodb/4.0.1/spring-data-mongodb-4.0.1.jar:/Users/suyashkumarsingh/.m2/repository/org/springframework/spring-tx/6.0.4/spring-tx-6.0.4.jar:/Users/suyashkumarsingh/.m2/repository/org/springframework/spring-context/6.0.4/spring-context-6.0.4.jar:/Users/suyashkumarsingh/.m2/repository/org/springframework/spring-beans/6.0.4/spring-beans-6.0.4.jar:/Users/suyashkumarsingh/.m2/repository/org/springframework/spring-expression/6.0.4/spring-expression-6.0.4.jar:/Users/suyashkumarsingh/.m2/repository/org/springframework/data/spring-data-commons/3.0.1/spring-data-commons-3.0.1.jar:/Users/suyashkumarsingh/.m2/repository/org/slf4j/slf4j-api/2.0.6/slf4j-api-2.0.6.jar:/Users/suyashkumarsingh/.m2/repository/org/springframework/boot/spring-boot-starter-web/3.0.2/spring-boot-starter-web-3.0.2.jar:/Users/suyashkumarsingh/.m2/repository/org/springframework/boot/spring-boot-starter-json/3.0.2/spring-boot-starter-json-3.0.2.jar:/Users/suyashkumarsingh/.m2/repository/com/fasterxml/jackson/core/jackson-databind/2.14.1/jackson-databind-2.14.1.jar:/Users/suyashkumarsingh/.m2/repository/com/fasterxml/jackson/core/jackson-annotations/2.14.1/jackson-annotations-2.14.1.jar:/Users/suyashkumarsingh/.m2/repository/com/fasterxml/jackson/core/jackson-core/2.14.1/jackson-core-2.14.1.jar:/Users/suyashkumarsingh/.m2/repository/com/fasterxml/jackson/datatype/jackson-datatype-jdk8/2.14.1/jackson-datatype-jdk8-2.14.1.jar:/Users/suyashkumarsingh/.m2/repository/com/fasterxml/jackson/datatype/jackson-datatype-jsr310/2.14.1/jackson-datatype-jsr310-2.14.1.jar:/Users/suyashkumarsingh/.m2/repository/com/fasterxml/jackson/module/jackson-module-parameter-names/2.14.1/jackson-module-parameter-names-2.14.1.jar:/Users/suyashkumarsingh/.m2/repository/org/springframework/boot/spring-boot-starter-tomcat/3.0.2/spring-boot-starter-tomcat-3.0.2.jar:/Users/suyashkumarsingh/.m2/repository/org/apache/tomcat/embed/tomcat-embed-core/10.1.5/tomcat-embed-core-10.1.5.jar:/Users/suyashkumarsingh/.m2/repository/org/apache/tomcat/embed/tomcat-embed-el/10.1.5/tomcat-embed-el-10.1.5.jar:/Users/suyashkumarsingh/.m2/repository/org/apache/tomcat/embed/tomcat-embed-websocket/10.1.5/tomcat-embed-websocket-10.1.5.jar:/Users/suyashkumarsingh/.m2/repository/org/springframework/spring-web/6.0.4/spring-web-6.0.4.jar:/Users/suyashkumarsingh/.m2/repository/io/micrometer/micrometer-observation/1.10.3/micrometer-observation-1.10.3.jar:/Users/suyashkumarsingh/.m2/repository/io/micrometer/micrometer-commons/1.10.3/micrometer-commons-1.10.3.jar:/Users/suyashkumarsingh/.m2/repository/org/springframework/spring-webmvc/6.0.4/spring-webmvc-6.0.4.jar:/Users/suyashkumarsingh/.m2/repository/org/springframework/spring-aop/6.0.4/spring-aop-6.0.4.jar:/Users/suyashkumarsingh/.m2/repository/org/springframework/boot/spring-boot-starter-test/3.0.2/spring-boot-starter-test-3.0.2.jar:/Users/suyashkumarsingh/.m2/repository/org/springframework/boot/spring-boot-test/3.0.2/spring-boot-test-3.0.2.jar:/Users/suyashkumarsingh/.m2/repository/org/springframework/boot/spring-boot-test-autoconfigure/3.0.2/spring-boot-test-autoconfigure-3.0.2.jar:/Users/suyashkumarsingh/.m2/repository/com/jayway/jsonpath/json-path/2.7.0/json-path-2.7.0.jar:/Users/suyashkumarsingh/.m2/repository/net/minidev/json-smart/2.4.8/json-smart-2.4.8.jar:/Users/suyashkumarsingh/.m2/repository/net/minidev/accessors-smart/2.4.8/accessors-smart-2.4.8.jar:/Users/suyashkumarsingh/.m2/repository/org/ow2/asm/asm/9.1/asm-9.1.jar:/Users/suyashkumarsingh/.m2/repository/jakarta/xml/bind/jakarta.xml.bind-api/4.0.0/jakarta.xml.bind-api-4.0.0.jar:/Users/suyashkumarsingh/.m2/repository/jakarta/activation/jakarta.activation-api/2.1.1/jakarta.activation-api-2.1.1.jar:/Users/suyashkumarsingh/.m2/repository/org/assertj/assertj-core/3.23.1/assertj-core-3.23.1.jar:/Users/suyashkumarsingh/.m2/repository/net/bytebuddy/byte-buddy/1.12.22/byte-buddy-1.12.22.jar:/Users/suyashkumarsingh/.m2/repository/org/hamcrest/hamcrest/2.2/hamcrest-2.2.jar:/Users/suyashkumarsingh/.m2/repository/org/junit/jupiter/junit-jupiter/5.9.2/junit-jupiter-5.9.2.jar:/Users/suyashkumarsingh/.m2/repository/org/junit/jupiter/junit-jupiter-api/5.9.2/junit-jupiter-api-5.9.2.jar:/Users/suyashkumarsingh/.m2/repository/org/opentest4j/opentest4j/1.2.0/opentest4j-1.2.0.jar:/Users/suyashkumarsingh/.m2/repository/org/junit/platform/junit-platform-commons/1.9.2/junit-platform-commons-1.9.2.jar:/Users/suyashkumarsingh/.m2/repository/org/apiguardian/apiguardian-api/1.1.2/apiguardian-api-1.1.2.jar:/Users/suyashkumarsingh/.m2/repository/org/junit/jupiter/junit-jupiter-params/5.9.2/junit-jupiter-params-5.9.2.jar:/Users/suyashkumarsingh/.m2/repository/org/junit/jupiter/junit-jupiter-engine/5.9.2/junit-jupiter-engine-5.9.2.jar:/Users/suyashkumarsingh/.m2/repository/org/junit/platform/junit-platform-engine/1.9.2/junit-platform-engine-1.9.2.jar:/Users/suyashkumarsingh/.m2/repository/org/mockito/mockito-core/4.8.1/mockito-core-4.8.1.jar:/Users/suyashkumarsingh/.m2/repository/net/bytebuddy/byte-buddy-agent/1.12.22/byte-buddy-agent-1.12.22.jar:/Users/suyashkumarsingh/.m2/repository/org/objenesis/objenesis/3.2/objenesis-3.2.jar:/Users/suyashkumarsingh/.m2/repository/org/mockito/mockito-junit-jupiter/4.8.1/mockito-junit-jupiter-4.8.1.jar:/Users/suyashkumarsingh/.m2/repository/org/skyscreamer/jsonassert/1.5.1/jsonassert-1.5.1.jar:/Users/suyashkumarsingh/.m2/repository/com/vaadin/external/google/android-json/0.0.20131108.vaadin1/android-json-0.0.20131108.vaadin1.jar:/Users/suyashkumarsingh/.m2/repository/org/springframework/spring-core/6.0.4/spring-core-6.0.4.jar:/Users/suyashkumarsingh/.m2/repository/org/springframework/spring-jcl/6.0.4/spring-jcl-6.0.4.jar:/Users/suyashkumarsingh/.m2/repository/org/springframework/spring-test/6.0.4/spring-test-6.0.4.jar:/Users/suyashkumarsingh/.m2/repository/org/xmlunit/xmlunit-core/2.9.1/xmlunit-core-2.9.1.jar:"/>
    <property name="java.vm.vendor" value="Homebrew"/>
    <property name="sun.arch.data.model" value="64"/>
    <property name="java.vendor.url" value="https://github.com/Homebrew/homebrew-core/issues"/>
    <property name="os.name" value="Mac OS X"/>
    <property name="java.vm.specification.version" value="19"/>
    <property name="sun.java.launcher" value="SUN_STANDARD"/>
    <property name="user.country" value="IN"/>
    <property name="sun.boot.library.path" value="/opt/homebrew/Cellar/openjdk/19.0.2/libexec/openjdk.jdk/Contents/Home/lib"/>
    <property name="sun.java.command" value="/Users/suyashkumarsingh/eclipse-workspace/spring-nosql/nosql/target/surefire/surefirebooter13048722691828206072.jar /Users/suyashkumarsingh/eclipse-workspace/spring-nosql/nosql/target/surefire 2023-02-17T12-18-19_207-jvmRun1 surefire14525205514167943435tmp surefire_011693640651724881298tmp"/>
    <property name="http.nonProxyHosts" value="local|*.local|169.254/16|*.169.254/16"/>
    <property name="jdk.debug" value="release"/>
    <property name="surefire.test.class.path" value="/Users/suyashkumarsingh/eclipse-workspace/spring-nosql/nosql/target/test-classes:/Users/suyashkumarsingh/eclipse-workspace/spring-nosql/nosql/target/classes:/Users/suyashkumarsingh/.m2/repository/org/springframework/boot/spring-boot-starter-data-mongodb/3.0.2/spring-boot-starter-data-mongodb-3.0.2.jar:/Users/suyashkumarsingh/.m2/repository/org/springframework/boot/spring-boot-starter/3.0.2/spring-boot-starter-3.0.2.jar:/Users/suyashkumarsingh/.m2/repository/org/springframework/boot/spring-boot/3.0.2/spring-boot-3.0.2.jar:/Users/suyashkumarsingh/.m2/repository/org/springframework/boot/spring-boot-autoconfigure/3.0.2/spring-boot-autoconfigure-3.0.2.jar:/Users/suyashkumarsingh/.m2/repository/org/springframework/boot/spring-boot-starter-logging/3.0.2/spring-boot-starter-logging-3.0.2.jar:/Users/suyashkumarsingh/.m2/repository/ch/qos/logback/logback-classic/1.4.5/logback-classic-1.4.5.jar:/Users/suyashkumarsingh/.m2/repository/ch/qos/logback/logback-core/1.4.5/logback-core-1.4.5.jar:/Users/suyashkumarsingh/.m2/repository/org/apache/logging/log4j/log4j-to-slf4j/2.19.0/log4j-to-slf4j-2.19.0.jar:/Users/suyashkumarsingh/.m2/repository/org/apache/logging/log4j/log4j-api/2.19.0/log4j-api-2.19.0.jar:/Users/suyashkumarsingh/.m2/repository/org/slf4j/jul-to-slf4j/2.0.6/jul-to-slf4j-2.0.6.jar:/Users/suyashkumarsingh/.m2/repository/jakarta/annotation/jakarta.annotation-api/2.1.1/jakarta.annotation-api-2.1.1.jar:/Users/suyashkumarsingh/.m2/repository/org/yaml/snakeyaml/1.33/snakeyaml-1.33.jar:/Users/suyashkumarsingh/.m2/repository/org/mongodb/mongodb-driver-sync/4.8.2/mongodb-driver-sync-4.8.2.jar:/Users/suyashkumarsingh/.m2/repository/org/mongodb/bson/4.8.2/bson-4.8.2.jar:/Users/suyashkumarsingh/.m2/repository/org/mongodb/mongodb-driver-core/4.8.2/mongodb-driver-core-4.8.2.jar:/Users/suyashkumarsingh/.m2/repository/org/mongodb/bson-record-codec/4.8.2/bson-record-codec-4.8.2.jar:/Users/suyashkumarsingh/.m2/repository/org/springframework/data/spring-data-mongodb/4.0.1/spring-data-mongodb-4.0.1.jar:/Users/suyashkumarsingh/.m2/repository/org/springframework/spring-tx/6.0.4/spring-tx-6.0.4.jar:/Users/suyashkumarsingh/.m2/repository/org/springframework/spring-context/6.0.4/spring-context-6.0.4.jar:/Users/suyashkumarsingh/.m2/repository/org/springframework/spring-beans/6.0.4/spring-beans-6.0.4.jar:/Users/suyashkumarsingh/.m2/repository/org/springframework/spring-expression/6.0.4/spring-expression-6.0.4.jar:/Users/suyashkumarsingh/.m2/repository/org/springframework/data/spring-data-commons/3.0.1/spring-data-commons-3.0.1.jar:/Users/suyashkumarsingh/.m2/repository/org/slf4j/slf4j-api/2.0.6/slf4j-api-2.0.6.jar:/Users/suyashkumarsingh/.m2/repository/org/springframework/boot/spring-boot-starter-web/3.0.2/spring-boot-starter-web-3.0.2.jar:/Users/suyashkumarsingh/.m2/repository/org/springframework/boot/spring-boot-starter-json/3.0.2/spring-boot-starter-json-3.0.2.jar:/Users/suyashkumarsingh/.m2/repository/com/fasterxml/jackson/core/jackson-databind/2.14.1/jackson-databind-2.14.1.jar:/Users/suyashkumarsingh/.m2/repository/com/fasterxml/jackson/core/jackson-annotations/2.14.1/jackson-annotations-2.14.1.jar:/Users/suyashkumarsingh/.m2/repository/com/fasterxml/jackson/core/jackson-core/2.14.1/jackson-core-2.14.1.jar:/Users/suyashkumarsingh/.m2/repository/com/fasterxml/jackson/datatype/jackson-datatype-jdk8/2.14.1/jackson-datatype-jdk8-2.14.1.jar:/Users/suyashkumarsingh/.m2/repository/com/fasterxml/jackson/datatype/jackson-datatype-jsr310/2.14.1/jackson-datatype-jsr310-2.14.1.jar:/Users/suyashkumarsingh/.m2/repository/com/fasterxml/jackson/module/jackson-module-parameter-names/2.14.1/jackson-module-parameter-names-2.14.1.jar:/Users/suyashkumarsingh/.m2/repository/org/springframework/boot/spring-boot-starter-tomcat/3.0.2/spring-boot-starter-tomcat-3.0.2.jar:/Users/suyashkumarsingh/.m2/repository/org/apache/tomcat/embed/tomcat-embed-core/10.1.5/tomcat-embed-core-10.1.5.jar:/Users/suyashkumarsingh/.m2/repository/org/apache/tomcat/embed/tomcat-embed-el/10.1.5/tomcat-embed-el-10.1.5.jar:/Users/suyashkumarsingh/.m2/repository/org/apache/tomcat/embed/tomcat-embed-websocket/10.1.5/tomcat-embed-websocket-10.1.5.jar:/Users/suyashkumarsingh/.m2/repository/org/springframework/spring-web/6.0.4/spring-web-6.0.4.jar:/Users/suyashkumarsingh/.m2/repository/io/micrometer/micrometer-observation/1.10.3/micrometer-observation-1.10.3.jar:/Users/suyashkumarsingh/.m2/repository/io/micrometer/micrometer-commons/1.10.3/micrometer-commons-1.10.3.jar:/Users/suyashkumarsingh/.m2/repository/org/springframework/spring-webmvc/6.0.4/spring-webmvc-6.0.4.jar:/Users/suyashkumarsingh/.m2/repository/org/springframework/spring-aop/6.0.4/spring-aop-6.0.4.jar:/Users/suyashkumarsingh/.m2/repository/org/springframework/boot/spring-boot-starter-test/3.0.2/spring-boot-starter-test-3.0.2.jar:/Users/suyashkumarsingh/.m2/repository/org/springframework/boot/spring-boot-test/3.0.2/spring-boot-test-3.0.2.jar:/Users/suyashkumarsingh/.m2/repository/org/springframework/boot/spring-boot-test-autoconfigure/3.0.2/spring-boot-test-autoconfigure-3.0.2.jar:/Users/suyashkumarsingh/.m2/repository/com/jayway/jsonpath/json-path/2.7.0/json-path-2.7.0.jar:/Users/suyashkumarsingh/.m2/repository/net/minidev/json-smart/2.4.8/json-smart-2.4.8.jar:/Users/suyashkumarsingh/.m2/repository/net/minidev/accessors-smart/2.4.8/accessors-smart-2.4.8.jar:/Users/suyashkumarsingh/.m2/repository/org/ow2/asm/asm/9.1/asm-9.1.jar:/Users/suyashkumarsingh/.m2/repository/jakarta/xml/bind/jakarta.xml.bind-api/4.0.0/jakarta.xml.bind-api-4.0.0.jar:/Users/suyashkumarsingh/.m2/repository/jakarta/activation/jakarta.activation-api/2.1.1/jakarta.activation-api-2.1.1.jar:/Users/suyashkumarsingh/.m2/repository/org/assertj/assertj-core/3.23.1/assertj-core-3.23.1.jar:/Users/suyashkumarsingh/.m2/repository/net/bytebuddy/byte-buddy/1.12.22/byte-buddy-1.12.22.jar:/Users/suyashkumarsingh/.m2/repository/org/hamcrest/hamcrest/2.2/hamcrest-2.2.jar:/Users/suyashkumarsingh/.m2/repository/org/junit/jupiter/junit-jupiter/5.9.2/junit-jupiter-5.9.2.jar:/Users/suyashkumarsingh/.m2/repository/org/junit/jupiter/junit-jupiter-api/5.9.2/junit-jupiter-api-5.9.2.jar:/Users/suyashkumarsingh/.m2/repository/org/opentest4j/opentest4j/1.2.0/opentest4j-1.2.0.jar:/Users/suyashkumarsingh/.m2/repository/org/junit/platform/junit-platform-commons/1.9.2/junit-platform-commons-1.9.2.jar:/Users/suyashkumarsingh/.m2/repository/org/apiguardian/apiguardian-api/1.1.2/apiguardian-api-1.1.2.jar:/Users/suyashkumarsingh/.m2/repository/org/junit/jupiter/junit-jupiter-params/5.9.2/junit-jupiter-params-5.9.2.jar:/Users/suyashkumarsingh/.m2/repository/org/junit/jupiter/junit-jupiter-engine/5.9.2/junit-jupiter-engine-5.9.2.jar:/Users/suyashkumarsingh/.m2/repository/org/junit/platform/junit-platform-engine/1.9.2/junit-platform-engine-1.9.2.jar:/Users/suyashkumarsingh/.m2/repository/org/mockito/mockito-core/4.8.1/mockito-core-4.8.1.jar:/Users/suyashkumarsingh/.m2/repository/net/bytebuddy/byte-buddy-agent/1.12.22/byte-buddy-agent-1.12.22.jar:/Users/suyashkumarsingh/.m2/repository/org/objenesis/objenesis/3.2/objenesis-3.2.jar:/Users/suyashkumarsingh/.m2/repository/org/mockito/mockito-junit-jupiter/4.8.1/mockito-junit-jupiter-4.8.1.jar:/Users/suyashkumarsingh/.m2/repository/org/skyscreamer/jsonassert/1.5.1/jsonassert-1.5.1.jar:/Users/suyashkumarsingh/.m2/repository/com/vaadin/external/google/android-json/0.0.20131108.vaadin1/android-json-0.0.20131108.vaadin1.jar:/Users/suyashkumarsingh/.m2/repository/org/springframework/spring-core/6.0.4/spring-core-6.0.4.jar:/Users/suyashkumarsingh/.m2/repository/org/springframework/spring-jcl/6.0.4/spring-jcl-6.0.4.jar:/Users/suyashkumarsingh/.m2/repository/org/springframework/spring-test/6.0.4/spring-test-6.0.4.jar:/Users/suyashkumarsingh/.m2/repository/org/xmlunit/xmlunit-core/2.9.1/xmlunit-core-2.9.1.jar:"/>
    <property name="sun.cpu.endian" value="little"/>
    <property name="user.home" value="/Users/suyashkumarsingh"/>
    <property name="user.language" value="en"/>
    <property name="java.specification.vendor" value="Oracle Corporation"/>
    <property name="java.version.date" value="2023-01-17"/>
    <property name="java.home" value="/opt/homebrew/Cellar/openjdk/19.0.2/libexec/openjdk.jdk/Contents/Home"/>
    <property name="file.separator" value="/"/>
    <property name="basedir" value="/Users/suyashkumarsingh/eclipse-workspace/spring-nosql/nosql"/>
    <property name="java.vm.compressedOopsMode" value="Zero based"/>
    <property name="line.separator" value="&#10;"/>
    <property name="java.vm.specification.vendor" value="Oracle Corporation"/>
    <property name="java.specification.name" value="Java Platform API Specification"/>
    <property name="apple.awt.application.name" value="ForkedBooter"/>
    <property name="surefire.real.class.path" value="/Users/suyashkumarsingh/eclipse-workspace/spring-nosql/nosql/target/surefire/surefirebooter13048722691828206072.jar"/>
    <property name="sun.management.compiler" value="HotSpot 64-Bit Tiered Compilers"/>
    <property name="ftp.nonProxyHosts" value="local|*.local|169.254/16|*.169.254/16"/>
    <property name="java.runtime.version" value="19.0.2"/>
    <property name="user.name" value="suyashkumarsingh"/>
    <property name="stdout.encoding" value="UTF-8"/>
    <property name="path.separator" value=":"/>
    <property name="os.version" value="13.0.1"/>
    <property name="java.runtime.name" value="OpenJDK Runtime Environment"/>
    <property name="file.encoding" value="UTF-8"/>
    <property name="java.vm.name" value="OpenJDK 64-Bit Server VM"/>
    <property name="java.vendor.version" value="Homebrew"/>
    <property name="localRepository" value="/Users/suyashkumarsingh/.m2/repository"/>
    <property name="java.vendor.url.bug" value="https://github.com/Homebrew/homebrew-core/issues"/>
    <property name="java.io.tmpdir" value="/var/folders/_d/0vyhk8rd3pz1s7bbh3_yk4th0000gn/T/"/>
    <property name="java.version" value="19.0.2"/>
    <property name="user.dir" value="/Users/suyashkumarsingh/eclipse-workspace/spring-nosql/nosql"/>
    <property name="os.arch" value="aarch64"/>
    <property name="java.vm.specification.name" value="Java Virtual Machine Specification"/>
    <property name="native.encoding" value="UTF-8"/>
    <property name="java.library.path" value="/Users/suyashkumarsingh/Library/Java/Extensions:/Library/Java/Extensions:/Network/Library/Java/Extensions:/System/Library/Java/Extensions:/usr/lib/java:."/>
    <property name="java.vm.info" value="mixed mode, sharing"/>
    <property name="stderr.encoding" value="UTF-8"/>
    <property name="java.vendor" value="Homebrew"/>
    <property name="java.vm.version" value="19.0.2"/>
    <property name="sun.io.unicode.encoding" value="UnicodeBig"/>
    <property name="socksNonProxyHosts" value="local|*.local|169.254/16|*.169.254/16"/>
    <property name="java.class.version" value="63.0"/>
  </properties>
  <testcase name="contextLoads" classname="com.mongo.nosql.NosqlApplicationTests" time="0.004">
    <error message="Failed to load ApplicationContext for [WebMergedContextConfiguration@2b037cfc testClass = com.mongo.nosql.NosqlApplicationTests, locations = [], classes = [com.mongo.nosql.NosqlApplication], contextInitializerClasses = [], activeProfiles = [], propertySourceLocations = [], propertySourceProperties = [&quot;org.springframework.boot.test.context.SpringBootTestContextBootstrapper=true&quot;], contextCustomizers = [org.springframework.boot.test.context.filter.ExcludeFilterContextCustomizer@6a370f4, org.springframework.boot.test.json.DuplicateJsonObjectContextCustomizerFactory$DuplicateJsonObjectContextCustomizer@19d481b, org.springframework.boot.test.mock.mockito.MockitoContextCustomizer@0, org.springframework.boot.test.web.client.TestRestTemplateContextCustomizer@e7edb54, org.springframework.boot.test.autoconfigure.actuate.observability.ObservabilityContextCustomizerFactory$DisableObservabilityContextCustomizer@9da1, org.springframework.boot.test.autoconfigure.properties.PropertyMappingContextCustomizer@0, org.springframework.boot.test.autoconfigure.web.servlet.WebDriverContextCustomizerFactory$Customizer@702b8b12, org.springframework.boot.test.context.SpringBootTestAnnotation@e2221635], resourceBasePath = &quot;src/main/webapp&quot;, contextLoader = org.springframework.boot.test.context.SpringBootContextLoader, parent = null]" type="java.lang.IllegalStateException">java.lang.IllegalStateException: Failed to load ApplicationContext for [WebMergedContextConfiguration@2b037cfc testClass = com.mongo.nosql.NosqlApplicationTests, locations = [], classes = [com.mongo.nosql.NosqlApplication], contextInitializerClasses = [], activeProfiles = [], propertySourceLocations = [], propertySourceProperties = ["org.springframework.boot.test.context.SpringBootTestContextBootstrapper=true"], contextCustomizers = [org.springframework.boot.test.context.filter.ExcludeFilterContextCustomizer@6a370f4, org.springframework.boot.test.json.DuplicateJsonObjectContextCustomizerFactory$DuplicateJsonObjectContextCustomizer@19d481b, org.springframework.boot.test.mock.mockito.MockitoContextCustomizer@0, org.springframework.boot.test.web.client.TestRestTemplateContextCustomizer@e7edb54, org.springframework.boot.test.autoconfigure.actuate.observability.ObservabilityContextCustomizerFactory$DisableObservabilityContextCustomizer@9da1, org.springframework.boot.test.autoconfigure.properties.PropertyMappingContextCustomizer@0, org.springframework.boot.test.autoconfigure.web.servlet.WebDriverContextCustomizerFactory$Customizer@702b8b12, org.springframework.boot.test.context.SpringBootTestAnnotation@e2221635], resourceBasePath = "src/main/webapp", contextLoader = org.springframework.boot.test.context.SpringBootContextLoader, parent = null]
Caused by: org.springframework.beans.factory.UnsatisfiedDependencyException: Error creating bean with name 'studentController': Unsatisfied dependency expressed through field 'studentService': No qualifying bean of type 'com.mongo.nosql.service.StudentService' available: expected at least 1 bean which qualifies as autowire candidate. Dependency annotations: {@org.springframework.beans.factory.annotation.Autowired(required=true)}
Caused by: org.springframework.beans.factory.NoSuchBeanDefinitionException: No qualifying bean of type 'com.mongo.nosql.service.StudentService' available: expected at least 1 bean which qualifies as autowire candidate. Dependency annotations: {@org.springframework.beans.factory.annotation.Autowired(required=true)}
</error>
    <system-out><![CDATA[12:18:19.594 [main] DEBUG org.springframework.boot.test.context.SpringBootTestContextBootstrapper - Neither @ContextConfiguration nor @ContextHierarchy found for test class [NosqlApplicationTests]: using SpringBootContextLoader
12:18:19.596 [main] DEBUG org.springframework.test.context.support.AbstractContextLoader - Could not detect default resource locations for test class [com.mongo.nosql.NosqlApplicationTests]: no resource found for suffixes {-context.xml, Context.groovy}.
12:18:19.596 [main] INFO org.springframework.test.context.support.AnnotationConfigContextLoaderUtils - Could not detect default configuration classes for test class [com.mongo.nosql.NosqlApplicationTests]: NosqlApplicationTests does not declare any static, non-private, non-final, nested classes annotated with @Configuration.
12:18:19.608 [main] DEBUG org.springframework.boot.test.context.SpringBootTestContextBootstrapper - Using ContextCustomizers for test class [NosqlApplicationTests]: [ExcludeFilterContextCustomizer, DuplicateJsonObjectContextCustomizer, MockitoContextCustomizer, TestRestTemplateContextCustomizer, DisableObservabilityContextCustomizer, PropertyMappingContextCustomizer, Customizer]
12:18:19.646 [main] DEBUG org.springframework.context.annotation.ClassPathScanningCandidateComponentProvider - Identified candidate component class: file [/Users/suyashkumarsingh/eclipse-workspace/spring-nosql/nosql/target/classes/com/mongo/nosql/NosqlApplication.class]
12:18:19.647 [main] INFO org.springframework.boot.test.context.SpringBootTestContextBootstrapper - Found @SpringBootConfiguration com.mongo.nosql.NosqlApplication for test class com.mongo.nosql.NosqlApplicationTests
12:18:19.688 [main] DEBUG org.springframework.boot.test.context.SpringBootTestContextBootstrapper - Using TestExecutionListeners for test class [NosqlApplicationTests]: [ServletTestExecutionListener, DirtiesContextBeforeModesTestExecutionListener, ApplicationEventsTestExecutionListener, MockitoTestExecutionListener, DependencyInjectionTestExecutionListener, DirtiesContextTestExecutionListener, TransactionalTestExecutionListener, SqlScriptsTestExecutionListener, EventPublishingTestExecutionListener, ResetMocksTestExecutionListener, RestDocsTestExecutionListener, MockRestServiceServerResetTestExecutionListener, MockMvcPrintOnlyOnFailureTestExecutionListener, WebDriverTestExecutionListener, MockWebServiceServerTestExecutionListener]
12:18:19.689 [main] DEBUG org.springframework.test.context.support.AbstractDirtiesContextTestExecutionListener - Before test class: class [NosqlApplicationTests], class annotated with @DirtiesContext [false] with mode [null]

  .   ____          _            __ _ _
 /\\ / ___'_ __ _ _(_)_ __  __ _ \ \ \ \
( ( )\___ | '_ | '_| | '_ \/ _` | \ \ \ \
 \\/  ___)| |_)| | | | | || (_| |  ) ) ) )
  '  |____| .__|_| |_|_| |_\__, | / / / /
 =========|_|==============|___/=/_/_/_/
 :: Spring Boot ::                (v3.0.2)

2023-02-17T12:18:19.806+05:30  INFO 34726 --- [           main] com.mongo.nosql.NosqlApplicationTests    : Starting NosqlApplicationTests using Java 19.0.2 with PID 34726 (started by suyashkumarsingh in /Users/suyashkumarsingh/eclipse-workspace/spring-nosql/nosql)
2023-02-17T12:18:19.807+05:30  INFO 34726 --- [           main] com.mongo.nosql.NosqlApplicationTests    : No active profile set, falling back to 1 default profile: "default"
2023-02-17T12:18:19.982+05:30  INFO 34726 --- [           main] .s.d.r.c.RepositoryConfigurationDelegate : Bootstrapping Spring Data MongoDB repositories in DEFAULT mode.
2023-02-17T12:18:19.999+05:30  INFO 34726 --- [           main] .s.d.r.c.RepositoryConfigurationDelegate : Finished Spring Data repository scanning in 15 ms. Found 1 MongoDB repository interfaces.
2023-02-17T12:18:20.175+05:30  WARN 34726 --- [           main] o.s.w.c.s.GenericWebApplicationContext   : Exception encountered during context initialization - cancelling refresh attempt: org.springframework.beans.factory.UnsatisfiedDependencyException: Error creating bean with name 'studentController': Unsatisfied dependency expressed through field 'studentService': No qualifying bean of type 'com.mongo.nosql.service.StudentService' available: expected at least 1 bean which qualifies as autowire candidate. Dependency annotations: {@org.springframework.beans.factory.annotation.Autowired(required=true)}
2023-02-17T12:18:20.182+05:30  INFO 34726 --- [           main] .s.b.a.l.ConditionEvaluationReportLogger : 

Error starting ApplicationContext. To display the condition evaluation report re-run your application with 'debug' enabled.
2023-02-17T12:18:20.191+05:30 ERROR 34726 --- [           main] o.s.b.d.LoggingFailureAnalysisReporter   : 

***************************
APPLICATION FAILED TO START
***************************

Description:

Field studentService in com.mongo.nosql.controller.StudentController required a bean of type 'com.mongo.nosql.service.StudentService' that could not be found.

The injection point has the following annotations:
	- @org.springframework.beans.factory.annotation.Autowired(required=true)


Action:

Consider defining a bean of type 'com.mongo.nosql.service.StudentService' in your configuration.

2023-02-17T12:18:20.193+05:30 ERROR 34726 --- [           main] o.s.test.context.TestContextManager      : Caught exception while allowing TestExecutionListener [org.springframework.test.context.web.ServletTestExecutionListener] to prepare test instance [com.mongo.nosql.NosqlApplicationTests@44924587]

java.lang.IllegalStateException: Failed to load ApplicationContext for [WebMergedContextConfiguration@2b037cfc testClass = com.mongo.nosql.NosqlApplicationTests, locations = [], classes = [com.mongo.nosql.NosqlApplication], contextInitializerClasses = [], activeProfiles = [], propertySourceLocations = [], propertySourceProperties = ["org.springframework.boot.test.context.SpringBootTestContextBootstrapper=true"], contextCustomizers = [org.springframework.boot.test.context.filter.ExcludeFilterContextCustomizer@6a370f4, org.springframework.boot.test.json.DuplicateJsonObjectContextCustomizerFactory$DuplicateJsonObjectContextCustomizer@19d481b, org.springframework.boot.test.mock.mockito.MockitoContextCustomizer@0, org.springframework.boot.test.web.client.TestRestTemplateContextCustomizer@e7edb54, org.springframework.boot.test.autoconfigure.actuate.observability.ObservabilityContextCustomizerFactory$DisableObservabilityContextCustomizer@9da1, org.springframework.boot.test.autoconfigure.properties.PropertyMappingContextCustomizer@0, org.springframework.boot.test.autoconfigure.web.servlet.WebDriverContextCustomizerFactory$Customizer@702b8b12, org.springframework.boot.test.context.SpringBootTestAnnotation@e2221635], resourceBasePath = "src/main/webapp", contextLoader = org.springframework.boot.test.context.SpringBootContextLoader, parent = null]
	at org.springframework.test.context.cache.DefaultCacheAwareContextLoaderDelegate.loadContext(DefaultCacheAwareContextLoaderDelegate.java:142) ~[spring-test-6.0.4.jar:6.0.4]
	at org.springframework.test.context.support.DefaultTestContext.getApplicationContext(DefaultTestContext.java:127) ~[spring-test-6.0.4.jar:6.0.4]
	at org.springframework.test.context.web.ServletTestExecutionListener.setUpRequestContextIfNecessary(ServletTestExecutionListener.java:191) ~[spring-test-6.0.4.jar:6.0.4]
	at org.springframework.test.context.web.ServletTestExecutionListener.prepareTestInstance(ServletTestExecutionListener.java:130) ~[spring-test-6.0.4.jar:6.0.4]
	at org.springframework.test.context.TestContextManager.prepareTestInstance(TestContextManager.java:241) ~[spring-test-6.0.4.jar:6.0.4]
	at org.springframework.test.context.junit.jupiter.SpringExtension.postProcessTestInstance(SpringExtension.java:138) ~[spring-test-6.0.4.jar:6.0.4]
	at org.junit.jupiter.engine.descriptor.ClassBasedTestDescriptor.lambda$invokeTestInstancePostProcessors$10(ClassBasedTestDescriptor.java:377) ~[junit-jupiter-engine-5.9.2.jar:5.9.2]
	at org.junit.jupiter.engine.descriptor.ClassBasedTestDescriptor.executeAndMaskThrowable(ClassBasedTestDescriptor.java:382) ~[junit-jupiter-engine-5.9.2.jar:5.9.2]
	at org.junit.jupiter.engine.descriptor.ClassBasedTestDescriptor.lambda$invokeTestInstancePostProcessors$11(ClassBasedTestDescriptor.java:377) ~[junit-jupiter-engine-5.9.2.jar:5.9.2]
	at java.base/java.util.stream.ReferencePipeline$3$1.accept(ReferencePipeline.java:197) ~[na:na]
	at java.base/java.util.stream.ReferencePipeline$2$1.accept(ReferencePipeline.java:179) ~[na:na]
	at java.base/java.util.ArrayList$ArrayListSpliterator.forEachRemaining(ArrayList.java:1625) ~[na:na]
	at java.base/java.util.stream.AbstractPipeline.copyInto(AbstractPipeline.java:509) ~[na:na]
	at java.base/java.util.stream.AbstractPipeline.wrapAndCopyInto(AbstractPipeline.java:499) ~[na:na]
	at java.base/java.util.stream.StreamSpliterators$WrappingSpliterator.forEachRemaining(StreamSpliterators.java:310) ~[na:na]
	at java.base/java.util.stream.Streams$ConcatSpliterator.forEachRemaining(Streams.java:735) ~[na:na]
	at java.base/java.util.stream.Streams$ConcatSpliterator.forEachRemaining(Streams.java:734) ~[na:na]
	at java.base/java.util.stream.ReferencePipeline$Head.forEach(ReferencePipeline.java:762) ~[na:na]
	at org.junit.jupiter.engine.descriptor.ClassBasedTestDescriptor.invokeTestInstancePostProcessors(ClassBasedTestDescriptor.java:376) ~[junit-jupiter-engine-5.9.2.jar:5.9.2]
	at org.junit.jupiter.engine.descriptor.ClassBasedTestDescriptor.lambda$instantiateAndPostProcessTestInstance$6(ClassBasedTestDescriptor.java:289) ~[junit-jupiter-engine-5.9.2.jar:5.9.2]
	at org.junit.platform.engine.support.hierarchical.ThrowableCollector.execute(ThrowableCollector.java:73) ~[junit-platform-engine-1.9.2.jar:1.9.2]
	at org.junit.jupiter.engine.descriptor.ClassBasedTestDescriptor.instantiateAndPostProcessTestInstance(ClassBasedTestDescriptor.java:288) ~[junit-jupiter-engine-5.9.2.jar:5.9.2]
	at org.junit.jupiter.engine.descriptor.ClassBasedTestDescriptor.lambda$testInstancesProvider$4(ClassBasedTestDescriptor.java:278) ~[junit-jupiter-engine-5.9.2.jar:5.9.2]
	at java.base/java.util.Optional.orElseGet(Optional.java:364) ~[na:na]
	at org.junit.jupiter.engine.descriptor.ClassBasedTestDescriptor.lambda$testInstancesProvider$5(ClassBasedTestDescriptor.java:277) ~[junit-jupiter-engine-5.9.2.jar:5.9.2]
	at org.junit.jupiter.engine.execution.TestInstancesProvider.getTestInstances(TestInstancesProvider.java:31) ~[junit-jupiter-engine-5.9.2.jar:5.9.2]
	at org.junit.jupiter.engine.descriptor.TestMethodTestDescriptor.lambda$prepare$0(TestMethodTestDescriptor.java:105) ~[junit-jupiter-engine-5.9.2.jar:5.9.2]
	at org.junit.platform.engine.support.hierarchical.ThrowableCollector.execute(ThrowableCollector.java:73) ~[junit-platform-engine-1.9.2.jar:1.9.2]
	at org.junit.jupiter.engine.descriptor.TestMethodTestDescriptor.prepare(TestMethodTestDescriptor.java:104) ~[junit-jupiter-engine-5.9.2.jar:5.9.2]
	at org.junit.jupiter.engine.descriptor.TestMethodTestDescriptor.prepare(TestMethodTestDescriptor.java:68) ~[junit-jupiter-engine-5.9.2.jar:5.9.2]
	at org.junit.platform.engine.support.hierarchical.NodeTestTask.lambda$prepare$2(NodeTestTask.java:123) ~[junit-platform-engine-1.9.2.jar:1.9.2]
	at org.junit.platform.engine.support.hierarchical.ThrowableCollector.execute(ThrowableCollector.java:73) ~[junit-platform-engine-1.9.2.jar:1.9.2]
	at org.junit.platform.engine.support.hierarchical.NodeTestTask.prepare(NodeTestTask.java:123) ~[junit-platform-engine-1.9.2.jar:1.9.2]
	at org.junit.platform.engine.support.hierarchical.NodeTestTask.execute(NodeTestTask.java:90) ~[junit-platform-engine-1.9.2.jar:1.9.2]
	at java.base/java.util.ArrayList.forEach(ArrayList.java:1511) ~[na:na]
	at org.junit.platform.engine.support.hierarchical.SameThreadHierarchicalTestExecutorService.invokeAll(SameThreadHierarchicalTestExecutorService.java:41) ~[junit-platform-engine-1.9.2.jar:1.9.2]
	at org.junit.platform.engine.support.hierarchical.NodeTestTask.lambda$executeRecursively$6(NodeTestTask.java:155) ~[junit-platform-engine-1.9.2.jar:1.9.2]
	at org.junit.platform.engine.support.hierarchical.ThrowableCollector.execute(ThrowableCollector.java:73) ~[junit-platform-engine-1.9.2.jar:1.9.2]
	at org.junit.platform.engine.support.hierarchical.NodeTestTask.lambda$executeRecursively$8(NodeTestTask.java:141) ~[junit-platform-engine-1.9.2.jar:1.9.2]
	at org.junit.platform.engine.support.hierarchical.Node.around(Node.java:137) ~[junit-platform-engine-1.9.2.jar:1.9.2]
	at org.junit.platform.engine.support.hierarchical.NodeTestTask.lambda$executeRecursively$9(NodeTestTask.java:139) ~[junit-platform-engine-1.9.2.jar:1.9.2]
	at org.junit.platform.engine.support.hierarchical.ThrowableCollector.execute(ThrowableCollector.java:73) ~[junit-platform-engine-1.9.2.jar:1.9.2]
	at org.junit.platform.engine.support.hierarchical.NodeTestTask.executeRecursively(NodeTestTask.java:138) ~[junit-platform-engine-1.9.2.jar:1.9.2]
	at org.junit.platform.engine.support.hierarchical.NodeTestTask.execute(NodeTestTask.java:95) ~[junit-platform-engine-1.9.2.jar:1.9.2]
	at java.base/java.util.ArrayList.forEach(ArrayList.java:1511) ~[na:na]
	at org.junit.platform.engine.support.hierarchical.SameThreadHierarchicalTestExecutorService.invokeAll(SameThreadHierarchicalTestExecutorService.java:41) ~[junit-platform-engine-1.9.2.jar:1.9.2]
	at org.junit.platform.engine.support.hierarchical.NodeTestTask.lambda$executeRecursively$6(NodeTestTask.java:155) ~[junit-platform-engine-1.9.2.jar:1.9.2]
	at org.junit.platform.engine.support.hierarchical.ThrowableCollector.execute(ThrowableCollector.java:73) ~[junit-platform-engine-1.9.2.jar:1.9.2]
	at org.junit.platform.engine.support.hierarchical.NodeTestTask.lambda$executeRecursively$8(NodeTestTask.java:141) ~[junit-platform-engine-1.9.2.jar:1.9.2]
	at org.junit.platform.engine.support.hierarchical.Node.around(Node.java:137) ~[junit-platform-engine-1.9.2.jar:1.9.2]
	at org.junit.platform.engine.support.hierarchical.NodeTestTask.lambda$executeRecursively$9(NodeTestTask.java:139) ~[junit-platform-engine-1.9.2.jar:1.9.2]
	at org.junit.platform.engine.support.hierarchical.ThrowableCollector.execute(ThrowableCollector.java:73) ~[junit-platform-engine-1.9.2.jar:1.9.2]
	at org.junit.platform.engine.support.hierarchical.NodeTestTask.executeRecursively(NodeTestTask.java:138) ~[junit-platform-engine-1.9.2.jar:1.9.2]
	at org.junit.platform.engine.support.hierarchical.NodeTestTask.execute(NodeTestTask.java:95) ~[junit-platform-engine-1.9.2.jar:1.9.2]
	at org.junit.platform.engine.support.hierarchical.SameThreadHierarchicalTestExecutorService.submit(SameThreadHierarchicalTestExecutorService.java:35) ~[junit-platform-engine-1.9.2.jar:1.9.2]
	at org.junit.platform.engine.support.hierarchical.HierarchicalTestExecutor.execute(HierarchicalTestExecutor.java:57) ~[junit-platform-engine-1.9.2.jar:1.9.2]
	at org.junit.platform.engine.support.hierarchical.HierarchicalTestEngine.execute(HierarchicalTestEngine.java:54) ~[junit-platform-engine-1.9.2.jar:1.9.2]
	at org.junit.platform.launcher.core.DefaultLauncher.execute(DefaultLauncher.java:220) ~[junit-platform-launcher-1.3.1.jar:1.3.1]
	at org.junit.platform.launcher.core.DefaultLauncher.lambda$execute$6(DefaultLauncher.java:188) ~[junit-platform-launcher-1.3.1.jar:1.3.1]
	at org.junit.platform.launcher.core.DefaultLauncher.withInterceptedStreams(DefaultLauncher.java:202) ~[junit-platform-launcher-1.3.1.jar:1.3.1]
	at org.junit.platform.launcher.core.DefaultLauncher.execute(DefaultLauncher.java:181) ~[junit-platform-launcher-1.3.1.jar:1.3.1]
	at org.junit.platform.launcher.core.DefaultLauncher.execute(DefaultLauncher.java:128) ~[junit-platform-launcher-1.3.1.jar:1.3.1]
	at org.apache.maven.surefire.junitplatform.JUnitPlatformProvider.invokeAllTests(JUnitPlatformProvider.java:150) ~[surefire-junit-platform-2.22.2.jar:2.22.2]
	at org.apache.maven.surefire.junitplatform.JUnitPlatformProvider.invoke(JUnitPlatformProvider.java:124) ~[surefire-junit-platform-2.22.2.jar:2.22.2]
	at org.apache.maven.surefire.booter.ForkedBooter.invokeProviderInSameClassLoader(ForkedBooter.java:384) ~[surefire-booter-2.22.2.jar:2.22.2]
	at org.apache.maven.surefire.booter.ForkedBooter.runSuitesInProcess(ForkedBooter.java:345) ~[surefire-booter-2.22.2.jar:2.22.2]
	at org.apache.maven.surefire.booter.ForkedBooter.execute(ForkedBooter.java:126) ~[surefire-booter-2.22.2.jar:2.22.2]
	at org.apache.maven.surefire.booter.ForkedBooter.main(ForkedBooter.java:418) ~[surefire-booter-2.22.2.jar:2.22.2]
Caused by: org.springframework.beans.factory.UnsatisfiedDependencyException: Error creating bean with name 'studentController': Unsatisfied dependency expressed through field 'studentService': No qualifying bean of type 'com.mongo.nosql.service.StudentService' available: expected at least 1 bean which qualifies as autowire candidate. Dependency annotations: {@org.springframework.beans.factory.annotation.Autowired(required=true)}
	at org.springframework.beans.factory.annotation.AutowiredAnnotationBeanPostProcessor$AutowiredFieldElement.resolveFieldValue(AutowiredAnnotationBeanPostProcessor.java:712) ~[spring-beans-6.0.4.jar:6.0.4]
	at org.springframework.beans.factory.annotation.AutowiredAnnotationBeanPostProcessor$AutowiredFieldElement.inject(AutowiredAnnotationBeanPostProcessor.java:692) ~[spring-beans-6.0.4.jar:6.0.4]
	at org.springframework.beans.factory.annotation.InjectionMetadata.inject(InjectionMetadata.java:133) ~[spring-beans-6.0.4.jar:6.0.4]
	at org.springframework.beans.factory.annotation.AutowiredAnnotationBeanPostProcessor.postProcessProperties(AutowiredAnnotationBeanPostProcessor.java:481) ~[spring-beans-6.0.4.jar:6.0.4]
	at org.springframework.beans.factory.support.AbstractAutowireCapableBeanFactory.populateBean(AbstractAutowireCapableBeanFactory.java:1397) ~[spring-beans-6.0.4.jar:6.0.4]
	at org.springframework.beans.factory.support.AbstractAutowireCapableBeanFactory.doCreateBean(AbstractAutowireCapableBeanFactory.java:598) ~[spring-beans-6.0.4.jar:6.0.4]
	at org.springframework.beans.factory.support.AbstractAutowireCapableBeanFactory.createBean(AbstractAutowireCapableBeanFactory.java:521) ~[spring-beans-6.0.4.jar:6.0.4]
	at org.springframework.beans.factory.support.AbstractBeanFactory.lambda$doGetBean$0(AbstractBeanFactory.java:326) ~[spring-beans-6.0.4.jar:6.0.4]
	at org.springframework.beans.factory.support.DefaultSingletonBeanRegistry.getSingleton(DefaultSingletonBeanRegistry.java:234) ~[spring-beans-6.0.4.jar:6.0.4]
	at org.springframework.beans.factory.support.AbstractBeanFactory.doGetBean(AbstractBeanFactory.java:324) ~[spring-beans-6.0.4.jar:6.0.4]
	at org.springframework.beans.factory.support.AbstractBeanFactory.getBean(AbstractBeanFactory.java:200) ~[spring-beans-6.0.4.jar:6.0.4]
	at org.springframework.beans.factory.support.DefaultListableBeanFactory.preInstantiateSingletons(DefaultListableBeanFactory.java:961) ~[spring-beans-6.0.4.jar:6.0.4]
	at org.springframework.context.support.AbstractApplicationContext.finishBeanFactoryInitialization(AbstractApplicationContext.java:915) ~[spring-context-6.0.4.jar:6.0.4]
	at org.springframework.context.support.AbstractApplicationContext.refresh(AbstractApplicationContext.java:584) ~[spring-context-6.0.4.jar:6.0.4]
	at org.springframework.boot.SpringApplication.refresh(SpringApplication.java:730) ~[spring-boot-3.0.2.jar:3.0.2]
	at org.springframework.boot.SpringApplication.refreshContext(SpringApplication.java:432) ~[spring-boot-3.0.2.jar:3.0.2]
	at org.springframework.boot.SpringApplication.run(SpringApplication.java:308) ~[spring-boot-3.0.2.jar:3.0.2]
	at org.springframework.boot.test.context.SpringBootContextLoader.lambda$loadContext$3(SpringBootContextLoader.java:137) ~[spring-boot-test-3.0.2.jar:3.0.2]
	at org.springframework.util.function.ThrowingSupplier.get(ThrowingSupplier.java:59) ~[spring-core-6.0.4.jar:6.0.4]
	at org.springframework.util.function.ThrowingSupplier.get(ThrowingSupplier.java:47) ~[spring-core-6.0.4.jar:6.0.4]
	at org.springframework.boot.SpringApplication.withHook(SpringApplication.java:1386) ~[spring-boot-3.0.2.jar:3.0.2]
	at org.springframework.boot.test.context.SpringBootContextLoader$ContextLoaderHook.run(SpringBootContextLoader.java:543) ~[spring-boot-test-3.0.2.jar:3.0.2]
	at org.springframework.boot.test.context.SpringBootContextLoader.loadContext(SpringBootContextLoader.java:137) ~[spring-boot-test-3.0.2.jar:3.0.2]
	at org.springframework.boot.test.context.SpringBootContextLoader.loadContext(SpringBootContextLoader.java:108) ~[spring-boot-test-3.0.2.jar:3.0.2]
	at org.springframework.test.context.cache.DefaultCacheAwareContextLoaderDelegate.loadContextInternal(DefaultCacheAwareContextLoaderDelegate.java:184) ~[spring-test-6.0.4.jar:6.0.4]
	at org.springframework.test.context.cache.DefaultCacheAwareContextLoaderDelegate.loadContext(DefaultCacheAwareContextLoaderDelegate.java:118) ~[spring-test-6.0.4.jar:6.0.4]
	... 67 common frames omitted
Caused by: org.springframework.beans.factory.NoSuchBeanDefinitionException: No qualifying bean of type 'com.mongo.nosql.service.StudentService' available: expected at least 1 bean which qualifies as autowire candidate. Dependency annotations: {@org.springframework.beans.factory.annotation.Autowired(required=true)}
	at org.springframework.beans.factory.support.DefaultListableBeanFactory.raiseNoMatchingBeanFound(DefaultListableBeanFactory.java:1812) ~[spring-beans-6.0.4.jar:6.0.4]
	at org.springframework.beans.factory.support.DefaultListableBeanFactory.doResolveDependency(DefaultListableBeanFactory.java:1371) ~[spring-beans-6.0.4.jar:6.0.4]
	at org.springframework.beans.factory.support.DefaultListableBeanFactory.resolveDependency(DefaultListableBeanFactory.java:1325) ~[spring-beans-6.0.4.jar:6.0.4]
	at org.springframework.beans.factory.annotation.AutowiredAnnotationBeanPostProcessor$AutowiredFieldElement.resolveFieldValue(AutowiredAnnotationBeanPostProcessor.java:709) ~[spring-beans-6.0.4.jar:6.0.4]
	... 92 common frames omitted

]]></system-out>
    <system-err><![CDATA[


============================
CONDITIONS EVALUATION REPORT
============================


Positive matches:
-----------------

    None


Negative matches:
-----------------

    None


Exclusions:
-----------

    None


Unconditional classes:
----------------------

    None



]]></system-err>
  </testcase>
</testsuite>